#
# There is insufficient memory for the Java Runtime Environment to continue.
# Native memory allocation (mmap) failed to map 6442450944 bytes for Failed to commit area from 0x0000000640000000 to 0x00000007c0000000 of length 6442450944.
# Possible reasons:
#   The system is out of physical RAM or swap space
#   The process is running with CompressedOops enabled, and the Java Heap may be blocking the growth of the native heap
# Possible solutions:
#   Reduce memory load on the system
#   Increase physical memory or swap space
#   Check if swap backing store is full
#   Decrease Java heap size (-Xmx/-Xms)
#   Decrease number of Java threads
#   Decrease Java thread stack sizes (-Xss)
#   Set larger code cache with -XX:ReservedCodeCacheSize=
# This output file may be truncated or incomplete.
#
#  Out of Memory Error (t:/workspace/hotspot/src/os/windows/vm/os_windows.cpp:3357), pid=79312, tid=18452
#
# JRE version:  (9.0+11) (build )
# Java VM: Java HotSpot(TM) 64-Bit Server VM (9.0.4+11, mixed mode, tiered, compressed oops, g1 gc, windows-amd64)
# No core dump will be written. Minidumps are not enabled by default on client versions of Windows
#

---------------  S U M M A R Y ------------

Command Line: -Xms6g Main

Host: Intel(R) Core(TM) i5-2400 CPU @ 3.10GHz, 4 cores, 7G,  Windows 10 , 64 bit Build 18362 (10.0.18362.329)
Time: Wed Jan 22 13:53:33 2020 Eastern Standard Time elapsed time: 0 seconds (0d 0h 0m 0s)

---------------  T H R E A D  ---------------

Current thread (0x000001ff0de9f000):  JavaThread "Unknown thread" [_thread_in_vm, id=18452, stack(0x000000f498e00000,0x000000f498f00000)]

Stack: [0x000000f498e00000,0x000000f498f00000]
Native frames: (J=compiled Java code, j=interpreted, Vv=VM code, C=native code)
V  [jvm.dll+0x587068]
V  [jvm.dll+0x69c25e]
V  [jvm.dll+0x69d17a]
V  [jvm.dll+0x69d7b3]
V  [jvm.dll+0x21d198]
V  [jvm.dll+0x584bb4]
V  [jvm.dll+0x57a095]
V  [jvm.dll+0x2cd67b]
V  [jvm.dll+0x2cd5e3]
V  [jvm.dll+0x2cd4b2]
V  [jvm.dll+0x2cf4b3]
V  [jvm.dll+0x3191e3]
V  [jvm.dll+0x3198f6]
V  [jvm.dll+0x3192e3]
V  [jvm.dll+0x2adeb8]
V  [jvm.dll+0x2af0e7]
V  [jvm.dll+0x67b34d]
V  [jvm.dll+0x67c70c]
V  [jvm.dll+0x3269c9]
V  [jvm.dll+0x66555e]
V  [jvm.dll+0x391811]
V  [jvm.dll+0x3937c1]
C  [java.exe+0x34f1]
C  [java.exe+0xe24f]
C  [java.exe+0xe3f6]
C  [KERNEL32.DLL+0x17bd4]
C  [ntdll.dll+0x6ced1]


---------------  P R O C E S S  ---------------

Java Threads: ( => current thread )

Other Threads:
  0x000001ff0deb8000 GCTaskThread "GC Thread#0" [stack: 0x000000f498f00000,0x000000f499000000] [id=74688]
  0x000001ff0deb9800 GCTaskThread "GC Thread#1" [stack: 0x000000f499000000,0x000000f499100000] [id=91616]
  0x000001ff0debd000 GCTaskThread "GC Thread#2" [stack: 0x000000f499100000,0x000000f499200000] [id=89648]
  0x000001ff0dec0000 GCTaskThread "GC Thread#3" [stack: 0x000000f499200000,0x000000f499300000] [id=8036]
  0x000001ff383d7800 ConcurrentGCThread "G1 Main Marker" [stack: 0x000000f499800000,0x000000f499900000] [id=63024]
  0x000001ff0df22800 ConcurrentGCThread "G1 Marker#0" [stack: 0x000000f499900000,0x000000f499a00000] [id=91960]
  0x000001ff0ded1000 ConcurrentGCThread "G1 Refine#0" [stack: 0x000000f499600000,0x000000f499700000] [id=90480]
  0x000001ff0ded0000 ConcurrentGCThread "G1 Refine#1" [stack: 0x000000f499500000,0x000000f499600000] [id=89312]
  0x000001ff0deca800 ConcurrentGCThread "G1 Refine#2" [stack: 0x000000f499400000,0x000000f499500000] [id=90108]
  0x000001ff0dec3000 ConcurrentGCThread "G1 Refine#3" [stack: 0x000000f499300000,0x000000f499400000] [id=86172]
  0x000001ff0ded2000 ConcurrentGCThread "G1 Young RemSet Sampling" [stack: 0x000000f499700000,0x000000f499800000] [id=87640]

=>0x000001ff0de9f000 (exited) JavaThread "Unknown thread" [_thread_in_vm, id=18452, stack(0x000000f498e00000,0x000000f498f00000)]

Threads with active compile tasks:

VM state:not at safepoint (not fully initialized)

VM Mutex/Monitor currently owned by a thread:  ([mutex/lock_event])
[0x000001ff0de9e760] Heap_lock - owner thread: 0x000001ff0de9f000

Heap address: 0x0000000640000000, size: 6144 MB, Compressed Oops mode: Non-zero based: 0x0000000640000000
Narrow klass base: 0x0000000000000000, Narrow klass shift: 0

GC Heap History (0 events):
No events

Deoptimization events (0 events):
No events

Classes redefined (0 events):
No events

Internal exceptions (0 events):
No events

Events (0 events):
No events


Dynamic libraries:
0x00007ff781b50000 - 0x00007ff781b8e000 	G:\Java\jdk-9.0.4\bin\java.exe
0x00007ffcae680000 - 0x00007ffcae870000 	C:\WINDOWS\SYSTEM32\ntdll.dll
0x00007ffcad6b0000 - 0x00007ffcad762000 	C:\WINDOWS\System32\KERNEL32.DLL
0x00007ffcabaf0000 - 0x00007ffcabd93000 	C:\WINDOWS\System32\KERNELBASE.dll
0x00007ffcabda0000 - 0x00007ffcabe43000 	C:\WINDOWS\System32\ADVAPI32.dll
0x00007ffcae040000 - 0x00007ffcae0de000 	C:\WINDOWS\System32\msvcrt.dll
0x00007ffcad8b0000 - 0x00007ffcad947000 	C:\WINDOWS\System32\sechost.dll
0x00007ffcad380000 - 0x00007ffcad4a0000 	C:\WINDOWS\System32\RPCRT4.dll
0x00007ffcabe50000 - 0x00007ffcabfe4000 	C:\WINDOWS\System32\USER32.dll
0x00007ffcaaf20000 - 0x00007ffcaaf41000 	C:\WINDOWS\System32\win32u.dll
0x00007ffcad770000 - 0x00007ffcad796000 	C:\WINDOWS\System32\GDI32.dll
0x00007ffcab0e0000 - 0x00007ffcab274000 	C:\WINDOWS\System32\gdi32full.dll
0x00007ffcaba00000 - 0x00007ffcaba9e000 	C:\WINDOWS\System32\msvcp_win.dll
0x00007ffcaadd0000 - 0x00007ffcaaeca000 	C:\WINDOWS\System32\ucrtbase.dll
0x00007ffc9bb00000 - 0x00007ffc9bd85000 	C:\WINDOWS\WinSxS\amd64_microsoft.windows.common-controls_6595b64144ccf1df_6.0.18362.535_none_e6c3b34713100821\COMCTL32.dll
0x00007ffca9d40000 - 0x00007ffca9d4a000 	C:\WINDOWS\SYSTEM32\VERSION.dll
0x00007ffcad040000 - 0x00007ffcad376000 	C:\WINDOWS\System32\combase.dll
0x00007ffcaafb0000 - 0x00007ffcab030000 	C:\WINDOWS\System32\bcryptPrimitives.dll
0x00007ffcad650000 - 0x00007ffcad67e000 	C:\WINDOWS\System32\IMM32.DLL
0x00007ffc7c470000 - 0x00007ffc7c55f000 	G:\Java\jdk-9.0.4\bin\msvcr120.dll
0x00007ffc8b5b0000 - 0x00007ffc8b656000 	G:\Java\jdk-9.0.4\bin\msvcp120.dll
0x00000000564f0000 - 0x0000000056f15000 	G:\Java\jdk-9.0.4\bin\server\jvm.dll
0x00007ffcac460000 - 0x00007ffcac468000 	C:\WINDOWS\System32\PSAPI.DLL
0x00007ffca1de0000 - 0x00007ffca1e04000 	C:\WINDOWS\SYSTEM32\WINMM.dll
0x00007ffca19e0000 - 0x00007ffca19e9000 	C:\WINDOWS\SYSTEM32\WSOCK32.dll
0x00007ffcaca30000 - 0x00007ffcaca9f000 	C:\WINDOWS\System32\WS2_32.dll
0x00007ffca1ab0000 - 0x00007ffca1add000 	C:\WINDOWS\SYSTEM32\WINMMBASE.dll
0x00007ffcabaa0000 - 0x00007ffcabaea000 	C:\WINDOWS\System32\cfgmgr32.dll
0x00007ffca77d0000 - 0x00007ffca77df000 	G:\Java\jdk-9.0.4\bin\verify.dll
0x00007ffca3110000 - 0x00007ffca3137000 	G:\Java\jdk-9.0.4\bin\java.dll
0x00007ffca2760000 - 0x00007ffca2776000 	G:\Java\jdk-9.0.4\bin\zip.dll
0x00007ffca7760000 - 0x00007ffca776a000 	G:\Java\jdk-9.0.4\bin\jimage.dll
0x00007ffca0dd0000 - 0x00007ffca0fc4000 	C:\WINDOWS\SYSTEM32\dbghelp.dll

VM Arguments:
jvm_args: -Xms6g 
java_command: Main
java_class_path (initial): .
Launcher Type: SUN_STANDARD

Logging:
Log output configuration:
#0: stdout all=warning uptime,level,tags
#1: stderr all=off uptime,level,tags

Environment Variables:
JAVA_HOME=C:\Program Files\Java\jdk1.8.0_51
PATH=C:\Program Files\MySQL\MySQL Server 8.0\bin;C:\Users\Rutter\AppData\Local\Programs\Python\Python37;G:\Java\jdk-9.0.4\bin;G:\Hadoop\hadoop-2.9.0\hadoop-2.9.0\bin;g:\Haskell Platform\7.10.2-a\lib\extralibs\bin;g:\Haskell Platform\7.10.2-a\bin;C:\Program Files\Java\jdk1.8.0_51\bin;C:\ProgramData\Oracle\Java\javapath;C:\Program Files\Common Files\Microsoft Shared\Windows Live;C:\Program Files (x86)\Common Files\Microsoft Shared\Windows Live;C:\Windows\system32;C:\Windows;C:\Windows\System32\Wbem;C:\Windows\System32\WindowsPowerShell\v1.0\;C:\Program Files (x86)\Windows Live\Shared;g:\Haskell Platform\7.10.2-a\mingw\bin;C:\Users\Rutter\.dnx\bin;C:\Program Files\Microsoft DNX\Dnvm\;g:\MiKTeX 2.9\miktex\bin\x64\;C:\Program Files\Microsoft SQL Server\Client SDK\ODBC\110\Tools\Binn\;C:\Program Files (x86)\Microsoft SQL Server\120\Tools\Binn\;C:\Program Files\Microsoft SQL Server\120\Tools\Binn\;C:\Program Files\Microsoft SQL Server\120\DTS\Binn\;C:\Program Files (x86)\Microsoft SQL Server\120\Tools\Binn\ManagementStudio\;C:\Program Files (x86)\Microsoft SQL Server\120\DTS\Binn\;C:\Users\Rutter\AppData\Local\GitHub\PortableGit_f02737a78695063deace08e96d5042710d3e32db\cmd;C:\ProgramData\chocolatey\bin;C:\Program Files\Git\cmd;G:\Sublime Text 3\;;C:\WINDOWS\system32;C:\WINDOWS;C:\WINDOWS\System32\Wbem;C:\WINDOWS\System32\WindowsPowerShell\v1.0\;C:\WINDOWS\System32\OpenSSH\;C:\Users\Rutter\AppData\Local\Programs\Python\Python37\Scripts\;C:\Users\Rutter\AppData\Local\Programs\Python\Python37\;C:\Users\Rutter\AppData\Local\Programs\Python\Python37-32;g:\Anaconda3;g:\Anaconda3\Scripts;g:\Anaconda3\Library\bin;C:\Users\Rutter\AppData\Roaming\cabal\bin;G:\WindNET\bin\;C:\Users\Rutter\AppData\Local\Microsoft\WindowsApps
USERNAME=Rutter
OS=Windows_NT
PROCESSOR_IDENTIFIER=Intel64 Family 6 Model 42 Stepping 7, GenuineIntel



---------------  S Y S T E M  ---------------

OS: Windows 10 , 64 bit Build 18362 (10.0.18362.329)

CPU:total 4 (initial active 4) (4 cores per cpu, 1 threads per core) family 6 model 42 stepping 7, cmov, cx8, fxsr, mmx, sse, sse2, sse3, ssse3, sse4.1, sse4.2, popcnt, avx, aes, clmul, tsc, tscinvbit

Memory: 4k page, physical 8233408k(1447472k free), swap 20175880k(4301904k free)

vm_info: Java HotSpot(TM) 64-Bit Server VM (9.0.4+11) for windows-amd64 JRE (9.0.4+11), built on Dec 20 2017 02:18:54 by "mach5one" with MS VC++ 12.0 (VS2013)

END.
